Added Component: Designator=Ant1(35 mil hole)
Added Component: Designator=B1(CST-931AP)
Added Component: Designator=B+1(.200 SLOT AND PAD - duplicate)
Added Component: Designator=B-1(.200 SLOT AND PAD - duplicate)
Added Component: Designator=BAT1(TestPoint1)
Added Component: Designator=C1(0603 Small)
Added Component: Designator=C2(0603 Capacitor)
Added Component: Designator=C3(0805 capacitor)
Added Component: Designator=C4(1206 - duplicate)
Added Component: Designator=C5(0402 Small)
Added Component: Designator=C6(0603 Small)
Added Component: Designator=C7(0603 Small)
Added Component: Designator=C8(0201)
Added Component: Designator=C9(0201)
Added Component: Designator=C10(0603 Small)
Added Component: Designator=C11(0603 Capacitor)
Added Component: Designator=C12(0603 Capacitor)
Added Component: Designator=C13(0603 Small)
Added Component: Designator=C14(ALEL_D8)
Added Component: Designator=C15(0603 Small)
Added Component: Designator=C16(0402 Small)
Added Component: Designator=C17(0402 Small)
Added Component: Designator=C18(0402 Small)
Added Component: Designator=C19(0402 Small)
Added Component: Designator=C20(0402 Small)
Added Component: Designator=C21(0402 Small)
Added Component: Designator=C22(0402 Small)
Added Component: Designator=C23(0402 Small)
Added Component: Designator=C24(0402 Small)
Added Component: Designator=C25(0402 Small)
Added Component: Designator=C26(0402 Small)
Added Component: Designator=C27(0402 Small)
Added Component: Designator=C28(0402 Small)
Added Component: Designator=C29(0402 Small)
Added Component: Designator=C30(0402 Small)
Added Component: Designator=C31(0402 Small)
Added Component: Designator=C32(0402 Small)
Added Component: Designator=C33(0402 Small)
Added Component: Designator=CS1(TestPoint1)
Added Component: Designator=CS2(TestPoint1)
Added Component: Designator=D1(SMC)
Added Component: Designator=D2(0603 LED)
Added Component: Designator=D3(SOD-323, SD-76)
Added Component: Designator=D4(sma+)
Added Component: Designator=D5(0201 Small)
Added Component: Designator=DOWN1(TestPoint1)
Added Component: Designator=GD1(TestPoint1)
Added Component: Designator=GDO1(TestPoint1)
Added Component: Designator=L1(SRN8040 - Power Inductor)
Added Component: Designator=L2(0402 Small)
Added Component: Designator=L3(0402 Small)
Added Component: Designator=L4(0402 Small)
Added Component: Designator=L5(0402 Small)
Added Component: Designator=L6(0402 Small)
Added Component: Designator=L7(0402 Small)
Added Component: Designator=M1(TestPoint1)
Added Component: Designator=M2(TestPoint1)
Added Component: Designator=M3(TestPoint1)
Added Component: Designator=M4(TestPoint1)
Added Component: Designator=M5(TestPoint1)
Added Component: Designator=M6(TestPoint1)
Added Component: Designator=M7(TestPoint1)
Added Component: Designator=M8(TestPoint1)
Added Component: Designator=M9(TestPoint1)
Added Component: Designator=M10(TestPoint1)
Added Component: Designator=M11(TestPoint1)
Added Component: Designator=M12(TestPoint1)
Added Component: Designator=M13(TestPoint1)
Added Component: Designator=M14(TestPoint1)
Added Component: Designator=M15(TestPoint1)
Added Component: Designator=M16(TestPoint1)
Added Component: Designator=MCLR/VPP1(TestPoint1)
Added Component: Designator=P1(Track Edge Connector)
Added Component: Designator=P2(HDR2X3_CEN)
Added Component: Designator=P3(HDR2X3_CEN)
Added Component: Designator=P4(HDR2X2)
Added Component: Designator=P5(RJ45 Modular Connector 8p8c)
Added Component: Designator=Q1(SOT23 - duplicate)
Added Component: Designator=Q2(SOT-363)
Added Component: Designator=R1(0402 Small)
Added Component: Designator=R2(0603 Small)
Added Component: Designator=R3(0603 Small)
Added Component: Designator=R4(0603 Small)
Added Component: Designator=R5(0603 Resistor)
Added Component: Designator=R6(0603 Resistor)
Added Component: Designator=R7(0603 Resistor)
Added Component: Designator=R8(0603 Resistor)
Added Component: Designator=R9(0402 Resistor)
Added Component: Designator=R10(6-0805_M)
Added Component: Designator=R11(1206 Small)
Added Component: Designator=R12(0603 Small)
Added Component: Designator=R13(0603 Small)
Added Component: Designator=R14(0603 Resistor)
Added Component: Designator=R15(1206 Small)
Added Component: Designator=R16(0603 Resistor)
Added Component: Designator=R17(0603 Small)
Added Component: Designator=R18(0603 Small)
Added Component: Designator=R19(0603 Small)
Added Component: Designator=R20(0603 Resistor)
Added Component: Designator=R21(0603 Resistor)
Added Component: Designator=R22(0603 Resistor)
Added Component: Designator=R23(0603 Small)
Added Component: Designator=R24(0402 Small)
Added Component: Designator=S1(HDP001L)
Added Component: Designator=S2(HDP001L)
Added Component: Designator=SCK1(TestPoint1)
Added Component: Designator=SCK2(TestPoint1)
Added Component: Designator=SDI1(TestPoint1)
Added Component: Designator=SDI2(TestPoint1)
Added Component: Designator=SDO1(TestPoint1)
Added Component: Designator=SDO2(TestPoint1)
Added Component: Designator=U1(SO8 - GROUND PAD)
Added Component: Designator=U2(SOIC-8)
Added Component: Designator=U3(64TQFP)
Added Component: Designator=U4(TD1233)
Added Component: Designator=U5(TD1233)
Added Component: Designator=U6(SC70_5)
Added Component: Designator=U7(SOIC-8)
Added Component: Designator=U8(VQFN-20)
Added Component: Designator=UP1(TestPoint1)
Added Component: Designator=XT1(HC-49S)
Added Component: Designator=XT2(CFPX-5)
Added Pin To Net: NetName=DVCC Pin=C25-2
Added Pin To Net: NetName=DVCC Pin=C26-2
Added Pin To Net: NetName=DVCC Pin=C27-2
Added Pin To Net: NetName=DVCC Pin=C28-2
Added Pin To Net: NetName=DVCC Pin=C29-2
Added Pin To Net: NetName=DVCC Pin=C30-2
Added Pin To Net: NetName=DVCC Pin=C31-2
Added Pin To Net: NetName=DVCC Pin=R23-2
Added Pin To Net: NetName=DVCC Pin=U8-4
Added Pin To Net: NetName=DVCC Pin=U8-9
Added Pin To Net: NetName=DVCC Pin=U8-11
Added Pin To Net: NetName=DVCC Pin=U8-14
Added Pin To Net: NetName=DVCC Pin=U8-15
Added Pin To Net: NetName=DVCC Pin=U8-18
Added Net: Name=DVCC
Added Pin To Net: NetName=GND Pin=B-1-1
Added Pin To Net: NetName=GND Pin=C6-1
Added Pin To Net: NetName=GND Pin=C7-1
Added Pin To Net: NetName=GND Pin=C8-1
Added Pin To Net: NetName=GND Pin=C9-1
Added Pin To Net: NetName=GND Pin=C10-1
Added Pin To Net: NetName=GND Pin=C11-1
Added Pin To Net: NetName=GND Pin=C12-1
Added Pin To Net: NetName=GND Pin=C13-2
Added Pin To Net: NetName=GND Pin=C14-2
Added Pin To Net: NetName=GND Pin=C15-1
Added Pin To Net: NetName=GND Pin=C18-1
Added Pin To Net: NetName=GND Pin=C19-2
Added Pin To Net: NetName=GND Pin=C20-2
Added Pin To Net: NetName=GND Pin=C21-2
Added Pin To Net: NetName=GND Pin=C22-2
Added Pin To Net: NetName=GND Pin=C23-2
Added Pin To Net: NetName=GND Pin=C24-1
Added Pin To Net: NetName=GND Pin=C25-1
Added Pin To Net: NetName=GND Pin=C26-1
Added Pin To Net: NetName=GND Pin=C27-1
Added Pin To Net: NetName=GND Pin=C28-1
Added Pin To Net: NetName=GND Pin=C29-1
Added Pin To Net: NetName=GND Pin=C30-1
Added Pin To Net: NetName=GND Pin=C31-1
Added Pin To Net: NetName=GND Pin=C32-1
Added Pin To Net: NetName=GND Pin=C33-1
Added Pin To Net: NetName=GND Pin=D4-1
Added Pin To Net: NetName=GND Pin=D5-1
Added Pin To Net: NetName=GND Pin=L6-1
Added Pin To Net: NetName=GND Pin=P1-3
Added Pin To Net: NetName=GND Pin=Q2-1
Added Pin To Net: NetName=GND Pin=Q2-4
Added Pin To Net: NetName=GND Pin=R4-2
Added Pin To Net: NetName=GND Pin=R7-2
Added Pin To Net: NetName=GND Pin=R8-2
Added Pin To Net: NetName=GND Pin=R10-1
Added Pin To Net: NetName=GND Pin=R11-2
Added Pin To Net: NetName=GND Pin=R15-2
Added Pin To Net: NetName=GND Pin=R21-2
Added Pin To Net: NetName=GND Pin=R22-2
Added Pin To Net: NetName=GND Pin=R24-2
Added Pin To Net: NetName=GND Pin=S1-2
Added Pin To Net: NetName=GND Pin=S1-3
Added Pin To Net: NetName=GND Pin=S2-2
Added Pin To Net: NetName=GND Pin=S2-3
Added Pin To Net: NetName=GND Pin=U2-4
Added Pin To Net: NetName=GND Pin=U3-9
Added Pin To Net: NetName=GND Pin=U3-41
Added Pin To Net: NetName=GND Pin=U4-0
Added Pin To Net: NetName=GND Pin=U4-0
Added Pin To Net: NetName=GND Pin=U4-0
Added Pin To Net: NetName=GND Pin=U4-0
Added Pin To Net: NetName=GND Pin=U4-0
Added Pin To Net: NetName=GND Pin=U4-0
Added Pin To Net: NetName=GND Pin=U4-0
Added Pin To Net: NetName=GND Pin=U4-0
Added Pin To Net: NetName=GND Pin=U4-0
Added Pin To Net: NetName=GND Pin=U4-4
Added Pin To Net: NetName=GND Pin=U4-9
Added Pin To Net: NetName=GND Pin=U5-0
Added Pin To Net: NetName=GND Pin=U5-0
Added Pin To Net: NetName=GND Pin=U5-0
Added Pin To Net: NetName=GND Pin=U5-0
Added Pin To Net: NetName=GND Pin=U5-0
Added Pin To Net: NetName=GND Pin=U5-0
Added Pin To Net: NetName=GND Pin=U5-0
Added Pin To Net: NetName=GND Pin=U5-0
Added Pin To Net: NetName=GND Pin=U5-0
Added Pin To Net: NetName=GND Pin=U5-4
Added Pin To Net: NetName=GND Pin=U5-9
Added Pin To Net: NetName=GND Pin=U6-2
Added Pin To Net: NetName=GND Pin=U7-5
Added Pin To Net: NetName=GND Pin=U8-16
Added Pin To Net: NetName=GND Pin=U8-19
Added Pin To Net: NetName=GND Pin=U8-21
Added Net: Name=GND
Added Pin To Net: NetName=NetAnt1_1 Pin=Ant1-1
Added Pin To Net: NetName=NetAnt1_1 Pin=C22-1
Added Pin To Net: NetName=NetAnt1_1 Pin=D5-2
Added Pin To Net: NetName=NetAnt1_1 Pin=L5-2
Added Pin To Net: NetName=NetAnt1_1 Pin=L6-2
Added Net: Name=NetAnt1_1
Added Pin To Net: NetName=NetB1_2 Pin=B1-2
Added Pin To Net: NetName=NetB1_2 Pin=D3-1
Added Pin To Net: NetName=NetB1_2 Pin=Q1-1
Added Net: Name=NetB1_2
Added Pin To Net: NetName=NetBAT1_0 Pin=BAT1-0
Added Pin To Net: NetName=NetBAT1_0 Pin=R20-2
Added Pin To Net: NetName=NetBAT1_0 Pin=R22-1
Added Pin To Net: NetName=NetBAT1_0 Pin=U3-24
Added Net: Name=NetBAT1_0
Added Pin To Net: NetName=NetC1_1 Pin=C1-1
Added Pin To Net: NetName=NetC1_1 Pin=U1-1
Added Net: Name=NetC1_1
Added Pin To Net: NetName=NetC1_2 Pin=C1-2
Added Pin To Net: NetName=NetC1_2 Pin=D1-1
Added Pin To Net: NetName=NetC1_2 Pin=L1-1
Added Pin To Net: NetName=NetC1_2 Pin=U1-8
Added Net: Name=NetC1_2
Added Pin To Net: NetName=NetC2_1 Pin=C2-1
Added Pin To Net: NetName=NetC2_1 Pin=C3-1
Added Pin To Net: NetName=NetC2_1 Pin=L1-2
Added Pin To Net: NetName=NetC2_1 Pin=R2-2
Added Net: Name=NetC2_1
Added Pin To Net: NetName=NetC2_2 Pin=C2-2
Added Pin To Net: NetName=NetC2_2 Pin=R2-1
Added Pin To Net: NetName=NetC2_2 Pin=R3-2
Added Pin To Net: NetName=NetC2_2 Pin=U1-5
Added Net: Name=NetC2_2
Added Pin To Net: NetName=NetC4_1 Pin=C4-1
Added Pin To Net: NetName=NetC4_1 Pin=U1-2
Added Pin To Net: NetName=NetC4_1 Pin=U1-3
Added Net: Name=NetC4_1
Added Pin To Net: NetName=NetC5_1 Pin=C5-1
Added Pin To Net: NetName=NetC5_1 Pin=U1-6
Added Net: Name=NetC5_1
Added Pin To Net: NetName=NetC8_2 Pin=C8-2
Added Pin To Net: NetName=NetC8_2 Pin=U3-40
Added Pin To Net: NetName=NetC8_2 Pin=XT1-2
Added Net: Name=NetC8_2
Added Pin To Net: NetName=NetC9_2 Pin=C9-2
Added Pin To Net: NetName=NetC9_2 Pin=U3-39
Added Pin To Net: NetName=NetC9_2 Pin=XT1-1
Added Net: Name=NetC9_2
Added Pin To Net: NetName=NetC10_2 Pin=C10-2
Added Pin To Net: NetName=NetC10_2 Pin=R12-1
Added Pin To Net: NetName=NetC10_2 Pin=R13-2
Added Net: Name=NetC10_2
Added Pin To Net: NetName=NetC16_1 Pin=C16-1
Added Pin To Net: NetName=NetC16_1 Pin=L3-1
Added Pin To Net: NetName=NetC16_1 Pin=L7-2
Added Net: Name=NetC16_1
Added Pin To Net: NetName=NetC16_2 Pin=C16-2
Added Pin To Net: NetName=NetC16_2 Pin=L2-2
Added Pin To Net: NetName=NetC16_2 Pin=U8-12
Added Net: Name=NetC16_2
Added Pin To Net: NetName=NetC17_1 Pin=C17-1
Added Pin To Net: NetName=NetC17_1 Pin=C20-1
Added Pin To Net: NetName=NetC17_1 Pin=L4-2
Added Net: Name=NetC17_1
Added Pin To Net: NetName=NetC17_2 Pin=C17-2
Added Pin To Net: NetName=NetC17_2 Pin=C21-1
Added Pin To Net: NetName=NetC17_2 Pin=L5-1
Added Net: Name=NetC17_2
Added Pin To Net: NetName=NetC18_2 Pin=C18-2
Added Pin To Net: NetName=NetC18_2 Pin=L2-1
Added Net: Name=NetC18_2
Added Pin To Net: NetName=NetC19_1 Pin=C19-1
Added Pin To Net: NetName=NetC19_1 Pin=L3-2
Added Pin To Net: NetName=NetC19_1 Pin=L4-1
Added Net: Name=NetC19_1
Added Pin To Net: NetName=NetC23_1 Pin=C23-1
Added Pin To Net: NetName=NetC23_1 Pin=L7-1
Added Pin To Net: NetName=NetC23_1 Pin=U8-13
Added Net: Name=NetC23_1
Added Pin To Net: NetName=NetC24_2 Pin=C24-2
Added Pin To Net: NetName=NetC24_2 Pin=U8-5
Added Net: Name=NetC24_2
Added Pin To Net: NetName=NetC32_2 Pin=C32-2
Added Pin To Net: NetName=NetC32_2 Pin=U8-10
Added Pin To Net: NetName=NetC32_2 Pin=XT2-1
Added Net: Name=NetC32_2
Added Pin To Net: NetName=NetC33_2 Pin=C33-2
Added Pin To Net: NetName=NetC33_2 Pin=U8-8
Added Pin To Net: NetName=NetC33_2 Pin=XT2-3
Added Net: Name=NetC33_2
Added Pin To Net: NetName=NetCS1_0 Pin=CS1-0
Added Pin To Net: NetName=NetCS1_0 Pin=U3-36
Added Pin To Net: NetName=NetCS1_0 Pin=U8-7
Added Net: Name=NetCS1_0
Added Pin To Net: NetName=NetCS2_0 Pin=CS2-0
Added Pin To Net: NetName=NetCS2_0 Pin=P4-2
Added Pin To Net: NetName=NetCS2_0 Pin=U3-52
Added Net: Name=NetCS2_0
Added Pin To Net: NetName=NetD2_1 Pin=D2-1
Added Pin To Net: NetName=NetD2_1 Pin=U3-61
Added Net: Name=NetD2_1
Added Pin To Net: NetName=NetD2_2 Pin=D2-2
Added Pin To Net: NetName=NetD2_2 Pin=R4-1
Added Net: Name=NetD2_2
Added Pin To Net: NetName=NetDOWN1_0 Pin=DOWN1-0
Added Pin To Net: NetName=NetDOWN1_0 Pin=R16-2
Added Pin To Net: NetName=NetDOWN1_0 Pin=S2-0
Added Pin To Net: NetName=NetDOWN1_0 Pin=S2-1
Added Pin To Net: NetName=NetDOWN1_0 Pin=U3-60
Added Net: Name=NetDOWN1_0
Added Pin To Net: NetName=NetGD1_0 Pin=GD1-0
Added Pin To Net: NetName=NetGD1_0 Pin=U3-30
Added Pin To Net: NetName=NetGD1_0 Pin=U8-6
Added Net: Name=NetGD1_0
Added Pin To Net: NetName=NetGDO1_0 Pin=GDO1-0
Added Pin To Net: NetName=NetGDO1_0 Pin=U3-29
Added Pin To Net: NetName=NetGDO1_0 Pin=U8-3
Added Net: Name=NetGDO1_0
Added Pin To Net: NetName=NetM1_0 Pin=M1-0
Added Pin To Net: NetName=NetM1_0 Pin=R5-1
Added Pin To Net: NetName=NetM1_0 Pin=U2-1
Added Pin To Net: NetName=NetM1_0 Pin=U3-23
Added Net: Name=NetM1_0
Added Pin To Net: NetName=NetM2_0 Pin=M2-0
Added Pin To Net: NetName=NetM2_0 Pin=R6-1
Added Pin To Net: NetName=NetM2_0 Pin=U2-7
Added Pin To Net: NetName=NetM2_0 Pin=U3-22
Added Net: Name=NetM2_0
Added Pin To Net: NetName=NetM3_0 Pin=M3-0
Added Pin To Net: NetName=NetM3_0 Pin=P2-1
Added Pin To Net: NetName=NetM3_0 Pin=U3-2
Added Net: Name=NetM3_0
Added Pin To Net: NetName=NetM4_0 Pin=M4-0
Added Pin To Net: NetName=NetM4_0 Pin=P3-1
Added Pin To Net: NetName=NetM4_0 Pin=U3-1
Added Net: Name=NetM4_0
Added Pin To Net: NetName=NetM5_0 Pin=M5-0
Added Pin To Net: NetName=NetM5_0 Pin=P3-4
Added Pin To Net: NetName=NetM5_0 Pin=U3-48
Added Net: Name=NetM5_0
Added Pin To Net: NetName=NetM6_0 Pin=M6-0
Added Pin To Net: NetName=NetM6_0 Pin=P3-5
Added Pin To Net: NetName=NetM6_0 Pin=U3-47
Added Net: Name=NetM6_0
Added Pin To Net: NetName=NetM7_0 Pin=M7-0
Added Pin To Net: NetName=NetM7_0 Pin=P2-4
Added Pin To Net: NetName=NetM7_0 Pin=U3-46
Added Net: Name=NetM7_0
Added Pin To Net: NetName=NetM8_0 Pin=M8-0
Added Pin To Net: NetName=NetM8_0 Pin=P2-5
Added Pin To Net: NetName=NetM8_0 Pin=U3-45
Added Net: Name=NetM8_0
Added Pin To Net: NetName=NetM9_0 Pin=M9-0
Added Pin To Net: NetName=NetM9_0 Pin=Q2-6
Added Pin To Net: NetName=NetM9_0 Pin=R17-2
Added Pin To Net: NetName=NetM9_0 Pin=U3-44
Added Net: Name=NetM9_0
Added Pin To Net: NetName=NetM10_0 Pin=M10-0
Added Pin To Net: NetName=NetM10_0 Pin=Q2-3
Added Pin To Net: NetName=NetM10_0 Pin=R18-1
Added Pin To Net: NetName=NetM10_0 Pin=U3-43
Added Net: Name=NetM10_0
Added Pin To Net: NetName=NetM11_0 Pin=M11-0
Added Pin To Net: NetName=NetM11_0 Pin=U3-3
Added Pin To Net: NetName=NetM11_0 Pin=U4-6
Added Net: Name=NetM11_0
Added Pin To Net: NetName=NetM12_0 Pin=M12-0
Added Pin To Net: NetName=NetM12_0 Pin=U3-4
Added Pin To Net: NetName=NetM12_0 Pin=U5-6
Added Net: Name=NetM12_0
Added Pin To Net: NetName=NetM13_0 Pin=M13-0
Added Pin To Net: NetName=NetM13_0 Pin=U3-6
Added Pin To Net: NetName=NetM13_0 Pin=U4-5
Added Net: Name=NetM13_0
Added Pin To Net: NetName=NetM14_0 Pin=M14-0
Added Pin To Net: NetName=NetM14_0 Pin=U3-8
Added Pin To Net: NetName=NetM14_0 Pin=U5-5
Added Net: Name=NetM14_0
Added Pin To Net: NetName=NetM15_0 Pin=M15-0
Added Pin To Net: NetName=NetM15_0 Pin=U3-20
Added Pin To Net: NetName=NetM15_0 Pin=U4-8
Added Net: Name=NetM15_0
Added Pin To Net: NetName=NetM16_0 Pin=M16-0
Added Pin To Net: NetName=NetM16_0 Pin=U3-19
Added Pin To Net: NetName=NetM16_0 Pin=U5-8
Added Net: Name=NetM16_0
Added Pin To Net: NetName=NetMCLR/VPP1_0 Pin=MCLR/VPP1-0
Added Pin To Net: NetName=NetMCLR/VPP1_0 Pin=P1-1
Added Pin To Net: NetName=NetMCLR/VPP1_0 Pin=R13-1
Added Pin To Net: NetName=NetMCLR/VPP1_0 Pin=U3-7
Added Net: Name=NetMCLR/VPP1_0
Added Pin To Net: NetName=NetP1_4 Pin=P1-4
Added Pin To Net: NetName=NetP1_4 Pin=U3-37
Added Net: Name=NetP1_4
Added Pin To Net: NetName=NetP1_5 Pin=P1-5
Added Pin To Net: NetName=NetP1_5 Pin=U3-42
Added Net: Name=NetP1_5
Added Pin To Net: NetName=NetP2_2 Pin=P2-2
Added Pin To Net: NetName=NetP2_2 Pin=U4-11
Added Net: Name=NetP2_2
Added Pin To Net: NetName=NetP2_3 Pin=P2-3
Added Pin To Net: NetName=NetP2_3 Pin=U4-2
Added Net: Name=NetP2_3
Added Pin To Net: NetName=NetP2_6 Pin=P2-6
Added Pin To Net: NetName=NetP2_6 Pin=Q2-2
Added Net: Name=NetP2_6
Added Pin To Net: NetName=NetP3_2 Pin=P3-2
Added Pin To Net: NetName=NetP3_2 Pin=U5-11
Added Net: Name=NetP3_2
Added Pin To Net: NetName=NetP3_3 Pin=P3-3
Added Pin To Net: NetName=NetP3_3 Pin=U5-2
Added Net: Name=NetP3_3
Added Pin To Net: NetName=NetP3_6 Pin=P3-6
Added Pin To Net: NetName=NetP3_6 Pin=Q2-5
Added Net: Name=NetP3_6
Added Pin To Net: NetName=NetP4_1 Pin=P4-1
Added Pin To Net: NetName=NetP4_1 Pin=SDO2-0
Added Pin To Net: NetName=NetP4_1 Pin=U3-53
Added Net: Name=NetP4_1
Added Pin To Net: NetName=NetP4_3 Pin=P4-3
Added Pin To Net: NetName=NetP4_3 Pin=SDI2-0
Added Pin To Net: NetName=NetP4_3 Pin=U3-51
Added Net: Name=NetP4_3
Added Pin To Net: NetName=NetP4_4 Pin=P4-4
Added Pin To Net: NetName=NetP4_4 Pin=SCK2-0
Added Pin To Net: NetName=NetP4_4 Pin=U3-50
Added Net: Name=NetP4_4
Added Pin To Net: NetName=NetQ1_2 Pin=Q1-2
Added Pin To Net: NetName=NetQ1_2 Pin=R10-2
Added Net: Name=NetQ1_2
Added Pin To Net: NetName=NetQ1_3 Pin=Q1-3
Added Pin To Net: NetName=NetQ1_3 Pin=R9-2
Added Net: Name=NetQ1_3
Added Pin To Net: NetName=NetR1_2 Pin=R1-2
Added Pin To Net: NetName=NetR1_2 Pin=U1-4
Added Net: Name=NetR1_2
Added Pin To Net: NetName=NetR5_2 Pin=R5-2
Added Pin To Net: NetName=NetR5_2 Pin=R7-1
Added Pin To Net: NetName=NetR5_2 Pin=U2-2
Added Net: Name=NetR5_2
Added Pin To Net: NetName=NetR6_2 Pin=R6-2
Added Pin To Net: NetName=NetR6_2 Pin=R8-1
Added Pin To Net: NetName=NetR6_2 Pin=U2-6
Added Net: Name=NetR6_2
Added Pin To Net: NetName=NetR9_1 Pin=R9-1
Added Pin To Net: NetName=NetR9_1 Pin=U3-62
Added Net: Name=NetR9_1
Added Pin To Net: NetName=NetR11_1 Pin=R11-1
Added Pin To Net: NetName=NetR11_1 Pin=U2-3
Added Pin To Net: NetName=NetR11_1 Pin=U4-1
Added Pin To Net: NetName=NetR11_1 Pin=U4-12
Added Net: Name=NetR11_1
Added Pin To Net: NetName=NetR14_1 Pin=R14-1
Added Pin To Net: NetName=NetR14_1 Pin=S1-0
Added Pin To Net: NetName=NetR14_1 Pin=S1-1
Added Pin To Net: NetName=NetR14_1 Pin=U3-59
Added Pin To Net: NetName=NetR14_1 Pin=UP1-0
Added Net: Name=NetR14_1
Added Pin To Net: NetName=NetR15_1 Pin=R15-1
Added Pin To Net: NetName=NetR15_1 Pin=U2-5
Added Pin To Net: NetName=NetR15_1 Pin=U5-1
Added Pin To Net: NetName=NetR15_1 Pin=U5-12
Added Net: Name=NetR15_1
Added Pin To Net: NetName=NetR19_1 Pin=R19-1
Added Pin To Net: NetName=NetR19_1 Pin=R21-1
Added Net: Name=NetR19_1
Added Pin To Net: NetName=NetR24_1 Pin=R24-1
Added Pin To Net: NetName=NetR24_1 Pin=U8-17
Added Net: Name=NetR24_1
Added Pin To Net: NetName=NetSCK1_0 Pin=SCK1-0
Added Pin To Net: NetName=NetSCK1_0 Pin=U3-34
Added Pin To Net: NetName=NetSCK1_0 Pin=U8-1
Added Net: Name=NetSCK1_0
Added Pin To Net: NetName=NetSDI1_0 Pin=SDI1-0
Added Pin To Net: NetName=NetSDI1_0 Pin=U3-35
Added Pin To Net: NetName=NetSDI1_0 Pin=U8-2
Added Net: Name=NetSDI1_0
Added Pin To Net: NetName=NetSDO1_0 Pin=SDO1-0
Added Pin To Net: NetName=NetSDO1_0 Pin=U3-31
Added Pin To Net: NetName=NetSDO1_0 Pin=U3-33
Added Pin To Net: NetName=NetSDO1_0 Pin=U8-20
Added Net: Name=NetSDO1_0
Added Pin To Net: NetName=NetU2_8 Pin=U2-8
Added Pin To Net: NetName=NetU2_8 Pin=U3-5
Added Net: Name=NetU2_8
Added Pin To Net: NetName=NetU7_1 Pin=U7-1
Added Pin To Net: NetName=NetU7_1 Pin=U7-2
Added Pin To Net: NetName=NetU7_1 Pin=U7-3
Added Pin To Net: NetName=NetU7_1 Pin=U7-4
Added Pin To Net: NetName=NetU7_1 Pin=U7-6
Added Pin To Net: NetName=NetU7_1 Pin=U7-7
Added Net: Name=NetU7_1
Added Pin To Net: NetName=PWRIN Pin=B+1-1
Added Pin To Net: NetName=PWRIN Pin=C11-2
Added Pin To Net: NetName=PWRIN Pin=C12-2
Added Pin To Net: NetName=PWRIN Pin=C13-1
Added Pin To Net: NetName=PWRIN Pin=C14-1
Added Pin To Net: NetName=PWRIN Pin=D4-2
Added Pin To Net: NetName=PWRIN Pin=R19-2
Added Pin To Net: NetName=PWRIN Pin=R20-1
Added Pin To Net: NetName=PWRIN Pin=U4-3
Added Pin To Net: NetName=PWRIN Pin=U4-10
Added Pin To Net: NetName=PWRIN Pin=U5-3
Added Pin To Net: NetName=PWRIN Pin=U5-10
Added Pin To Net: NetName=PWRIN Pin=U6-4
Added Net: Name=PWRIN
Added Pin To Net: NetName=VCC Pin=B1-1
Added Pin To Net: NetName=VCC Pin=C6-2
Added Pin To Net: NetName=VCC Pin=C7-2
Added Pin To Net: NetName=VCC Pin=C15-2
Added Pin To Net: NetName=VCC Pin=D3-2
Added Pin To Net: NetName=VCC Pin=P1-2
Added Pin To Net: NetName=VCC Pin=R12-2
Added Pin To Net: NetName=VCC Pin=R14-2
Added Pin To Net: NetName=VCC Pin=R16-1
Added Pin To Net: NetName=VCC Pin=R17-1
Added Pin To Net: NetName=VCC Pin=R18-2
Added Pin To Net: NetName=VCC Pin=R23-1
Added Pin To Net: NetName=VCC Pin=U3-10
Added Pin To Net: NetName=VCC Pin=U3-38
Added Pin To Net: NetName=VCC Pin=U6-5
Added Pin To Net: NetName=VCC Pin=U7-8
Added Net: Name=VCC
Added Class: Name=Buck Converter
Added Class: Name=Main
Added Class: Name=Power
Added Class: Name=Radio
Added Room: Name=Buck Converter
Added Room: Name=Main
Added Room: Name=Power
Added Room: Name=Radio
