Added Component: Designator=R27(0603 Resistor)
Added Pin To Net: NetName=PWRIN Pin=P5-4
Added Pin To Net: NetName=PWRIN Pin=P5-5
Added Pin To Net: NetName=GND Pin=P5-7
Added Pin To Net: NetName=GND Pin=P5-8
Added Pin To Net: NetName=NetP5_1 Pin=P5-1
Added Pin To Net: NetName=NetP5_1 Pin=P5-2
Added Pin To Net: NetName=NetP5_1 Pin=R27-2
Added Pin To Net: NetName=NetP5_1 Pin=U7-6
Added Net: Name=NetP5_1
Added Pin To Net: NetName=NetP5_3 Pin=P5-3
Added Pin To Net: NetName=NetP5_3 Pin=P5-6
Added Pin To Net: NetName=NetP5_3 Pin=R27-1
Added Pin To Net: NetName=NetP5_3 Pin=U7-7
Added Net: Name=NetP5_3
Added Pin To Net: NetName=NetU3_17 Pin=U3-17
Added Pin To Net: NetName=NetU3_17 Pin=U7-3
Added Net: Name=NetU3_17
Added Pin To Net: NetName=NetU3_18 Pin=U3-18
Added Pin To Net: NetName=NetU3_18 Pin=U7-2
Added Net: Name=NetU3_18
Added Pin To Net: NetName=NetU3_63 Pin=U3-63
Added Pin To Net: NetName=NetU3_63 Pin=U7-1
Added Net: Name=NetU3_63
Added Pin To Net: NetName=NetU3_64 Pin=U3-64
Added Pin To Net: NetName=NetU3_64 Pin=U7-4
Added Net: Name=NetU3_64
Added Member To Class: ClassName=Power Member=Component R27 110O
