Removed Pin From Net: NetName=NetC34_1 Pin=D6-2
Removed Pin From Net: NetName=PWRIN Pin=P5-5
Added Pin To Net: NetName=PWRIN Pin=C2-1
Added Pin To Net: NetName=PWRIN Pin=C3-1
Added Pin To Net: NetName=GND Pin=C3-2
Added Pin To Net: NetName=GND Pin=C4-2
Added Pin To Net: NetName=GND Pin=C5-2
Added Pin To Net: NetName=PWRIN Pin=C35-1
Added Pin To Net: NetName=PWRIN Pin=C36-1
Added Pin To Net: NetName=GND Pin=C36-2
Added Pin To Net: NetName=PWRIN Pin=C37-1
Added Pin To Net: NetName=GND Pin=C37-2
Added Pin To Net: NetName=GND Pin=C38-2
Added Pin To Net: NetName=GND Pin=C39-2
Added Pin To Net: NetName=GND Pin=D1-2
Added Pin To Net: NetName=GND Pin=D6-2
Added Pin To Net: NetName=PWRIN Pin=L1-2
Added Pin To Net: NetName=PWRIN Pin=L8-2
Added Pin To Net: NetName=NetC4_1 Pin=P5-5
Added Pin To Net: NetName=GND Pin=R1-1
Added Pin To Net: NetName=PWRIN Pin=R2-2
Added Pin To Net: NetName=GND Pin=R3-1
Added Pin To Net: NetName=GND Pin=R28-1
Added Pin To Net: NetName=PWRIN Pin=R29-2
Added Pin To Net: NetName=GND Pin=R30-1
Added Pin To Net: NetName=GND Pin=U1-7
Added Pin To Net: NetName=GND Pin=U1-9
Added Pin To Net: NetName=GND Pin=U9-7
Added Pin To Net: NetName=GND Pin=U9-9
Added Member To Class: ClassName=Main Member=Component S1 Side Actuated Switch
