Removed Pin From Net: NetName=PWRIN Pin=C35-1
Removed Pin From Net: NetName=PWRIN Pin=C36-1
Removed Pin From Net: NetName=PWRIN Pin=C37-1
Removed Pin From Net: NetName=PWRIN Pin=C40-1
Removed Pin From Net: NetName=GND Pin=D6-1
Removed Pin From Net: NetName=PWRIN Pin=L8-2
Removed Pin From Net: NetName=PWRIN Pin=R29-2
Added Component: Designator=FB1(0603 Inductor)
Added Component: Designator=FB2(0603 Inductor)
Added Pin To Net: NetName=NetC1_2 Pin=D6-1
Added Pin To Net: NetName=PWRIN Pin=FB1-2
Added Pin To Net: NetName=GND Pin=FB2-1
Added Pin To Net: NetName=GND Pin=FB2-2
Added Pin To Net: NetName=NetC35_1 Pin=C35-1
Added Pin To Net: NetName=NetC35_1 Pin=C36-1
Added Pin To Net: NetName=NetC35_1 Pin=C37-1
Added Pin To Net: NetName=NetC35_1 Pin=C40-1
Added Pin To Net: NetName=NetC35_1 Pin=FB1-1
Added Pin To Net: NetName=NetC35_1 Pin=L8-2
Added Pin To Net: NetName=NetC35_1 Pin=R29-2
Added Net: Name=NetC35_1
Added Member To Class: ClassName=Buck Converter_12v Member=Component C38 1uF
Added Member To Class: ClassName=Buck Converter_12v Member=Component FB1 Ferrite 4mOhm
Added Member To Class: ClassName=Buck Converter_12v Member=Component FB2 Ferrite 4mOhm
