Added Component: Designator=C34(0805)
Added Component: Designator=C35(0603 Capacitor)
Added Component: Designator=C36(0805 capacitor)
Added Component: Designator=C37(0805 capacitor)
Added Component: Designator=C38(0805)
Added Component: Designator=C39(0402 Small)
Added Component: Designator=D6(SMC)
Added Component: Designator=R28(0603)
Added Component: Designator=R29(0402 Small)
Added Component: Designator=R30(0805)
Added Component: Designator=U9(SO8 - GROUND PAD)
Added Pin To Net: NetName=NetC2_1 Pin=C35-1
Added Pin To Net: NetName=NetC2_1 Pin=C36-1
Added Pin To Net: NetName=NetC2_1 Pin=C37-1
Added Pin To Net: NetName=NetC4_1 Pin=C38-1
Added Pin To Net: NetName=NetC2_1 Pin=R29-2
Added Pin To Net: NetName=NetC4_1 Pin=U9-2
Added Pin To Net: NetName=NetC4_1 Pin=U9-3
Added Pin To Net: NetName=NetC34_1 Pin=C34-1
Added Pin To Net: NetName=NetC34_1 Pin=U9-1
Added Net: Name=NetC34_1
Added Pin To Net: NetName=NetC34_2 Pin=C34-2
Added Pin To Net: NetName=NetC34_2 Pin=D6-1
Added Pin To Net: NetName=NetC34_2 Pin=U9-8
Added Net: Name=NetC34_2
Added Pin To Net: NetName=NetC35_2 Pin=C35-2
Added Pin To Net: NetName=NetC35_2 Pin=R29-1
Added Pin To Net: NetName=NetC35_2 Pin=R30-2
Added Pin To Net: NetName=NetC35_2 Pin=U9-5
Added Net: Name=NetC35_2
Added Pin To Net: NetName=NetC39_1 Pin=C39-1
Added Pin To Net: NetName=NetC39_1 Pin=U9-6
Added Net: Name=NetC39_1
Added Pin To Net: NetName=NetR28_2 Pin=R28-2
Added Pin To Net: NetName=NetR28_2 Pin=U9-4
Added Net: Name=NetR28_2
Added Class: Name=Buck Converter_12v
Added Member To Class: ClassName=Main Member=Component S1 Side Actuated Switch
Added Room: Name=Buck Converter_12v
