Change Physical Footprint: Designator=BAT1 Old Footprint=TestPoint1 New Footprint=TestPoint1
Change Physical Footprint: Designator=CS1 Old Footprint=TestPoint1 New Footprint=TestPoint1
Change Physical Footprint: Designator=CS2 Old Footprint=TestPoint1 New Footprint=TestPoint1
Change Physical Footprint: Designator=DOWN1 Old Footprint=TestPoint1 New Footprint=TestPoint1
Change Physical Footprint: Designator=GD1 Old Footprint=TestPoint1 New Footprint=TestPoint1
Change Physical Footprint: Designator=GDO1 Old Footprint=TestPoint1 New Footprint=TestPoint1
Change Physical Footprint: Designator=M1 Old Footprint=TestPoint1 New Footprint=TestPoint1
Change Physical Footprint: Designator=M2 Old Footprint=TestPoint1 New Footprint=TestPoint1
Change Physical Footprint: Designator=M3 Old Footprint=TestPoint1 New Footprint=TestPoint1
Change Physical Footprint: Designator=M4 Old Footprint=TestPoint1 New Footprint=TestPoint1
Change Physical Footprint: Designator=M5 Old Footprint=TestPoint1 New Footprint=TestPoint1
Change Physical Footprint: Designator=M6 Old Footprint=TestPoint1 New Footprint=TestPoint1
Change Physical Footprint: Designator=M7 Old Footprint=TestPoint1 New Footprint=TestPoint1
Change Physical Footprint: Designator=M8 Old Footprint=TestPoint1 New Footprint=TestPoint1
Change Physical Footprint: Designator=M9 Old Footprint=TestPoint1 New Footprint=TestPoint1
Change Physical Footprint: Designator=M10 Old Footprint=TestPoint1 New Footprint=TestPoint1
Change Physical Footprint: Designator=M11 Old Footprint=TestPoint1 New Footprint=TestPoint1
Change Physical Footprint: Designator=M12 Old Footprint=TestPoint1 New Footprint=TestPoint1
Change Physical Footprint: Designator=M13 Old Footprint=TestPoint1 New Footprint=TestPoint1
Change Physical Footprint: Designator=M14 Old Footprint=TestPoint1 New Footprint=TestPoint1
Change Physical Footprint: Designator=M15 Old Footprint=TestPoint1 New Footprint=TestPoint1
Change Physical Footprint: Designator=M16 Old Footprint=TestPoint1 New Footprint=TestPoint1
Change Physical Footprint: Designator=MCLR/VPP1 Old Footprint=TestPoint1 New Footprint=TestPoint1
Change Physical Footprint: Designator=P1 Old Footprint=Track Edge Connector New Footprint=Track Edge Connector
Change Physical Footprint: Designator=P2 Old Footprint=HDR2X3_CEN New Footprint=HDR2X3_CEN
Change Physical Footprint: Designator=P3 Old Footprint=HDR2X3_CEN New Footprint=HDR2X3_CEN
Change Physical Footprint: Designator=SCK1 Old Footprint=TestPoint1 New Footprint=TestPoint1
Change Physical Footprint: Designator=SCK2 Old Footprint=TestPoint1 New Footprint=TestPoint1
Change Physical Footprint: Designator=SDI1 Old Footprint=TestPoint1 New Footprint=TestPoint1
Change Physical Footprint: Designator=SDI2 Old Footprint=TestPoint1 New Footprint=TestPoint1
Change Physical Footprint: Designator=SDO1 Old Footprint=TestPoint1 New Footprint=TestPoint1
Change Physical Footprint: Designator=SDO2 Old Footprint=TestPoint1 New Footprint=TestPoint1
Change Physical Footprint: Designator=U8 Old Footprint=VQFN-20 New Footprint=VQFN-20
Change Physical Footprint: Designator=UP1 Old Footprint=TestPoint1 New Footprint=TestPoint1
