Change Component Designator: Old Designator=B? New Designator=B1
Change Component Designator: Old Designator=BAT? New Designator=BAT1
Change Component Designator: Old Designator=C? New Designator=C6
Change Component Designator: Old Designator=C? New Designator=C7
Change Component Designator: Old Designator=C? New Designator=C8
Change Component Designator: Old Designator=C? New Designator=C9
Change Component Designator: Old Designator=C? New Designator=C10
Change Component Designator: Old Designator=C? New Designator=C11
Change Component Designator: Old Designator=C? New Designator=C12
Change Component Designator: Old Designator=CS? New Designator=CS1
Change Component Designator: Old Designator=CS? New Designator=CS2
Change Component Designator: Old Designator=D? New Designator=D2
Change Component Designator: Old Designator=D? New Designator=D3
Change Component Designator: Old Designator=DOWN? New Designator=DOWN1
Change Component Designator: Old Designator=GD? New Designator=GD1
Change Component Designator: Old Designator=GDO? New Designator=GDO1
Change Component Designator: Old Designator=M? New Designator=M1
Change Component Designator: Old Designator=M? New Designator=M2
Change Component Designator: Old Designator=M? New Designator=M3
Change Component Designator: Old Designator=M? New Designator=M4
Change Component Designator: Old Designator=M? New Designator=M5
Change Component Designator: Old Designator=M? New Designator=M6
Change Component Designator: Old Designator=M? New Designator=M7
Change Component Designator: Old Designator=M? New Designator=M8
Change Component Designator: Old Designator=M? New Designator=M9
Change Component Designator: Old Designator=M? New Designator=M10
Change Component Designator: Old Designator=M? New Designator=M11
Change Component Designator: Old Designator=M? New Designator=M12
Change Component Designator: Old Designator=M? New Designator=M13
Change Component Designator: Old Designator=M? New Designator=M14
Change Component Designator: Old Designator=M? New Designator=M15
Change Component Designator: Old Designator=M? New Designator=M16
Change Component Designator: Old Designator=MCLR/VPP? New Designator=MCLR/VPP1
Change Component Designator: Old Designator=P? New Designator=P1
Change Component Designator: Old Designator=P? New Designator=P2
Change Component Designator: Old Designator=P? New Designator=P3
Change Component Designator: Old Designator=P? New Designator=P4
Change Component Designator: Old Designator=Q? New Designator=Q1
Change Component Designator: Old Designator=Q? New Designator=Q2
Change Component Designator: Old Designator=R? New Designator=R4
Change Component Designator: Old Designator=R? New Designator=R5
Change Component Designator: Old Designator=R? New Designator=R6
Change Component Designator: Old Designator=R? New Designator=R7
Change Component Designator: Old Designator=R? New Designator=R8
Change Component Designator: Old Designator=R? New Designator=R9
Change Component Designator: Old Designator=R? New Designator=R10
Change Component Designator: Old Designator=R? New Designator=R11
Change Component Designator: Old Designator=R? New Designator=R12
Change Component Designator: Old Designator=R? New Designator=R13
Change Component Designator: Old Designator=R? New Designator=R14
Change Component Designator: Old Designator=R? New Designator=R15
Change Component Designator: Old Designator=R? New Designator=R16
Change Component Designator: Old Designator=R? New Designator=R17
Change Component Designator: Old Designator=R? New Designator=R18
Change Component Designator: Old Designator=S? New Designator=S1
Change Component Designator: Old Designator=S? New Designator=S2
Change Component Designator: Old Designator=SCK? New Designator=SCK1
Change Component Designator: Old Designator=SCK? New Designator=SCK2
Change Component Designator: Old Designator=SDI? New Designator=SDI1
Change Component Designator: Old Designator=SDI? New Designator=SDI2
Change Component Designator: Old Designator=SDO? New Designator=SDO1
Change Component Designator: Old Designator=SDO? New Designator=SDO2
Change Component Designator: Old Designator=U? New Designator=U2
Change Component Designator: Old Designator=U? New Designator=U3
Change Component Designator: Old Designator=U? New Designator=U4
Change Component Designator: Old Designator=U? New Designator=U5
Change Component Designator: Old Designator=UP? New Designator=UP1
Change Component Designator: Old Designator=XT? New Designator=XT1
